[debug] > Exec(early(addDefaultCommands), None, None)
[debug] > Exec(addDefaultCommands, None, None)
[debug] > Exec(early(initialize), None, None)
[debug] > Exec(initialize, None, None)
[debug] > Exec(boot, None, None)
[debug] > Exec(writeSbtVersion, None, None)
[debug] > Exec(reload, None, None)
[debug] > Exec(sbtStashOnFailure, None, None)
[debug] > Exec(onFailure loadFailed, None, None)
[debug] > Exec(loadp, None, None)
[info] welcome to sbt 1.6.2 (Oracle Corporation Java 11.0.14)
[debug]       Load.loadUnit: plugins took 70.7897ms
[debug]       Load.loadUnit: defsScala took 0.1711ms
[debug] [Loading] Scanning directory C:\Users\Li\.sbt\1.0\plugins
[debug] [Loading] Found non-root projects 
[debug] [Loading] Done in C:\Users\Li\.sbt\1.0\plugins, returning: ()
[debug] deducing auto plugins based on known facts Set(Atom(sbt.plugins.CorePlugin)) and clauses Clauses(Clause(Atom(sbt.plugins.JvmPlugin),Set(Atom(sbt.plugins.IvyPlugin)))
[debug] Clause(Atom(sbt.ScriptedPlugin),Set(Atom(sbt.plugins.JvmPlugin)))
[debug] Clause(Atom(sbt.plugins.SbtPlugin),Set(Atom(sbt.ScriptedPlugin)))
[debug] Clause(Atom(sbt.plugins.SemanticdbPlugin),Set(Atom(sbt.plugins.JvmPlugin)))
[debug] Clause(Atom(sbt.plugins.JUnitXmlReportPlugin),Set(Atom(sbt.plugins.JvmPlugin)))
[debug] Clause(Atom(sbt.plugins.MiniDependencyTreePlugin),Set(Atom(sbt.plugins.JvmPlugin)))
[debug] Clause(Atom(sbt.plugins.CorePlugin),Set(Atom(sbt.plugins.IvyPlugin)))
[debug] Clause(Atom(sbt.plugins.IvyPlugin),Set(Atom(sbt.plugins.JvmPlugin)))
[debug] Clause(Atom(sbt.plugins.JvmPlugin),Set(Atom(sbt.plugins.SemanticdbPlugin)))
[debug] Clause(Atom(sbt.plugins.JvmPlugin),Set(Atom(sbt.plugins.JUnitXmlReportPlugin)))
[debug] Clause(Atom(sbt.plugins.CorePlugin),Set(Atom(sbt.plugins.Giter8TemplatePlugin)))
[debug] Clause(Atom(sbt.plugins.JvmPlugin),Set(Atom(sbt.plugins.MiniDependencyTreePlugin))))
[debug]   :: deduced result: Matched(sbt.plugins.CorePlugin,sbt.plugins.Giter8TemplatePlugin,sbt.plugins.IvyPlugin,sbt.plugins.JvmPlugin,sbt.plugins.MiniDependencyTreePlugin,sbt.plugins.JUnitXmlReportPlugin,sbt.plugins.SemanticdbPlugin)
[debug] Plugins.deducer#function took 11.226 ms
[debug]           Load.resolveProject(global-plugins) took 28.4805ms
[debug]         Load.loadTransitive: finalizeProject(Project(id global-plugins, base: C:\Users\Li\.sbt\1.0\plugins, plugins: List(<none>))) took 57.5178ms
[debug] [Loading] Done in C:\Users\Li\.sbt\1.0\plugins, returning: (global-plugins)
[debug]       Load.loadUnit: loadedProjectsRaw took 72.6588ms
[debug]       Load.loadUnit: cleanEvalClasses took 0.141ms
[debug]     Load.loadUnit(file:/C:/Users/Li/.sbt/1.0/plugins/, ...) took 149.2491ms
[debug]   Load.apply: load took 266.9426ms
[debug]   Load.apply: resolveProjects took 4.1324ms
[debug]   Load.apply: finalTransforms took 38.4648ms
[debug]   Load.apply: config.delegates took 5.5519ms
[debug]   Load.apply: Def.make(settings)... took 243.3065ms
[debug]   Load.apply: structureIndex took 62.8437ms
[debug]   Load.apply: mkStreams took 1.1226ms
[info] loading global plugins from C:\Users\Li\.sbt\1.0\plugins
[debug] Running task... Cancel: Signal, check cycles: false, forcegc: true
[debug] Load.defaultLoad until apply took 1648.9258ms
[debug]           Load.loadUnit: plugins took 29.2959ms
[debug]           Load.loadUnit: defsScala took 0.0028ms
[debug] [Loading] Scanning directory F:\Java\network-fault-bigdata\project
[debug]             Load.loadUnit: mkEval took 4.7018ms
[debug] [Loading] Found non-root projects 
[debug] [Loading] Done in F:\Java\network-fault-bigdata\project, returning: ()
[debug] deducing auto plugins based on known facts Set(Atom(sbt.plugins.CorePlugin)) and clauses Clauses(Clause(Atom(sbt.plugins.JvmPlugin),Set(Atom(sbt.plugins.IvyPlugin)))
[debug] Clause(Atom(sbt.ScriptedPlugin),Set(Atom(sbt.plugins.JvmPlugin)))
[debug] Clause(Atom(sbt.plugins.SbtPlugin),Set(Atom(sbt.ScriptedPlugin)))
[debug] Clause(Atom(sbt.plugins.SemanticdbPlugin),Set(Atom(sbt.plugins.JvmPlugin)))
[debug] Clause(Atom(sbt.plugins.JUnitXmlReportPlugin),Set(Atom(sbt.plugins.JvmPlugin)))
[debug] Clause(Atom(sbt.plugins.MiniDependencyTreePlugin),Set(Atom(sbt.plugins.JvmPlugin)))
[debug] Clause(Atom(sbt.plugins.CorePlugin),Set(Atom(sbt.plugins.IvyPlugin)))
[debug] Clause(Atom(sbt.plugins.IvyPlugin),Set(Atom(sbt.plugins.JvmPlugin)))
[debug] Clause(Atom(sbt.plugins.JvmPlugin),Set(Atom(sbt.plugins.SemanticdbPlugin)))
[debug] Clause(Atom(sbt.plugins.JvmPlugin),Set(Atom(sbt.plugins.JUnitXmlReportPlugin)))
[debug] Clause(Atom(sbt.plugins.CorePlugin),Set(Atom(sbt.plugins.Giter8TemplatePlugin)))
[debug] Clause(Atom(sbt.plugins.JvmPlugin),Set(Atom(sbt.plugins.MiniDependencyTreePlugin))))
[debug]   :: deduced result: Matched(sbt.plugins.CorePlugin,sbt.plugins.Giter8TemplatePlugin,sbt.plugins.IvyPlugin,sbt.plugins.JvmPlugin,sbt.plugins.MiniDependencyTreePlugin,sbt.plugins.JUnitXmlReportPlugin,sbt.plugins.SemanticdbPlugin)
[debug] Plugins.deducer#function took 1.9089 ms
[info] loading settings for project network-fault-bigdata-build from plugins.sbt ...
[debug]               Load.resolveProject(network-fault-bigdata-build) took 1.8173ms
[debug]             Load.loadTransitive: finalizeProject(Project(id network-fault-bigdata-build, base: F:\Java\network-fault-bigdata\project, plugins: List(<none>))) took 4.2002ms
[debug] [Loading] Done in F:\Java\network-fault-bigdata\project, returning: (network-fault-bigdata-build)
[debug]           Load.loadUnit: loadedProjectsRaw took 94.1285ms
[debug]           Load.loadUnit: cleanEvalClasses took 2.9085ms
[debug]         Load.loadUnit(file:/F:/Java/network-fault-bigdata/project/, ...) took 126.9987ms
[debug]       Load.apply: load took 128.1737ms
[debug]       Load.apply: resolveProjects took 0.0653ms
[debug]       Load.apply: finalTransforms took 6.4359ms
[debug]       Load.apply: config.delegates took 0.2845ms
[debug]       Load.apply: Def.make(settings)... took 56.9712ms
[debug]       Load.apply: structureIndex took 20.338ms
[debug]       Load.apply: mkStreams took 0.0027ms
[info] loading project definition from F:\Java\network-fault-bigdata\project
[debug] Running task... Cancel: Signal, check cycles: false, forcegc: true
[debug]     Load.loadUnit: plugins took 385.4385ms
[debug]     Load.loadUnit: defsScala took 0.0026ms
[debug] [Loading] Scanning directory F:\Java\network-fault-bigdata
[debug]       Load.loadUnit: mkEval took 0.2204ms
[debug] [Loading] Found root project root w/ remaining 
[debug] deducing auto plugins based on known facts Set(Atom(sbt.plugins.CorePlugin)) and clauses Clauses(Clause(Atom(sbt.plugins.JvmPlugin),Set(Atom(sbt.plugins.IvyPlugin)))
[debug] Clause(Atom(sbt.ScriptedPlugin),Set(Atom(sbt.plugins.JvmPlugin)))
[debug] Clause(Atom(sbt.plugins.SbtPlugin),Set(Atom(sbt.ScriptedPlugin)))
[debug] Clause(Atom(sbt.plugins.SemanticdbPlugin),Set(Atom(sbt.plugins.JvmPlugin)))
[debug] Clause(Atom(sbt.plugins.JUnitXmlReportPlugin),Set(Atom(sbt.plugins.JvmPlugin)))
[debug] Clause(Atom(sbt.plugins.MiniDependencyTreePlugin),Set(Atom(sbt.plugins.JvmPlugin)))
[debug] Clause(Atom(sbtide.ConfigPlugin),Set(Atom(sbt.plugins.JvmPlugin)))
[debug] Clause(Atom(sbt.plugins.CorePlugin),Set(Atom(sbt.plugins.IvyPlugin)))
[debug] Clause(Atom(sbt.plugins.IvyPlugin),Set(Atom(sbt.plugins.JvmPlugin)))
[debug] Clause(Atom(sbt.plugins.JvmPlugin),Set(Atom(sbt.plugins.SemanticdbPlugin)))
[debug] Clause(Atom(sbt.plugins.JvmPlugin),Set(Atom(sbt.plugins.JUnitXmlReportPlugin)))
[debug] Clause(Atom(sbt.plugins.CorePlugin),Set(Atom(sbt.plugins.Giter8TemplatePlugin)))
[debug] Clause(Atom(sbt.plugins.JvmPlugin),Set(Atom(sbt.plugins.MiniDependencyTreePlugin))))
[debug]   :: deduced result: Matched(sbt.plugins.CorePlugin,sbt.plugins.Giter8TemplatePlugin,sbt.plugins.IvyPlugin,sbt.plugins.JvmPlugin,sbt.plugins.MiniDependencyTreePlugin,sbt.plugins.JUnitXmlReportPlugin,sbt.plugins.SemanticdbPlugin)
[debug] Plugins.deducer#function took 1.6848 ms
[info] loading settings for project root from build.sbt ...
[debug]         Load.resolveProject(root) took 0.9373ms
[debug]       Load.loadTransitive: finalizeProject(Project(id root, base: F:\Java\network-fault-bigdata, plugins: List(<none>))) took 3.499ms
[debug] [Loading] Done in F:\Java\network-fault-bigdata, returning: (root)
[debug]     Load.loadUnit: loadedProjectsRaw took 152.2753ms
[debug]     Load.loadUnit: cleanEvalClasses took 4.6369ms
[debug]   Load.loadUnit(file:/F:/Java/network-fault-bigdata/, ...) took 542.949ms
[debug] Load.apply: load took 544.0601ms
[debug] Load.apply: resolveProjects took 0.077ms
[debug] Load.apply: finalTransforms took 7.2027ms
[debug] Load.apply: config.delegates took 0.345ms
[debug] Load.apply: Def.make(settings)... took 48.4628ms
[debug] Load.apply: structureIndex took 18.0084ms
[debug] Load.apply: mkStreams took 0.0021ms
[info] set current project to network-fault-bigdata (in build file:/F:/Java/network-fault-bigdata/)
[warn] there's a key that's not used by any other settings/tasks:
[warn]  
[warn] * root / idePackagePrefix
[warn]   +- F:\Java\network-fault-bigdata\build.sbt:8
[warn]  
[warn] note: a setting might still be used by a command; to exclude a key from this `lintUnused` check
[warn] either append it to `Global / excludeLintKeys` or call .withRank(KeyRanks.Invisible) on the key
[debug] > Exec(sbtPopOnFailure, None, None)
[debug] > Exec(resumeFromFailure, None, None)
[debug] > Exec(notifyUsersAboutShell, None, None)
[debug] > Exec(iflast shell, None, None)
[debug] > Exec(shell, None, None)
[info] sbt server started at local:sbt-server-aff5146333ed4abaede4
[debug] Writing bsp connection file
[info] started sbt server
